{"C:\\Users\\Lenovo\\Desktop\\namaste-react\\src\\components\\Contact.js": {"path":"C:\\Users\\Lenovo\\Desktop\\namaste-react\\src\\components\\Contact.js","statementMap":{"0":{"start":{"line":2,"column":2},"end":{"line":6,"column":4}}},"fnMap":{"0":{"name":"Contact","decl":{"start":{"line":1,"column":9},"end":{"line":1,"column":16}},"loc":{"start":{"line":1,"column":19},"end":{"line":7,"column":1}},"line":1}},"branchMap":{},"s":{"0":1},"f":{"0":1},"b":{},"_coverageSchema":"1a1c01bbd47fc00a2c39e90264f33305004495a9","hash":"28b6735f6260610210ee06938416daaa77df58ba"}
,"C:\\Users\\Lenovo\\Desktop\\namaste-react\\src\\components\\sum.js": {"path":"C:\\Users\\Lenovo\\Desktop\\namaste-react\\src\\components\\sum.js","statementMap":{"0":{"start":{"line":2,"column":2},"end":{"line":2,"column":15}}},"fnMap":{"0":{"name":"sum","decl":{"start":{"line":1,"column":16},"end":{"line":1,"column":19}},"loc":{"start":{"line":1,"column":26},"end":{"line":3,"column":1}},"line":1}},"branchMap":{},"s":{"0":1},"f":{"0":1},"b":{},"_coverageSchema":"1a1c01bbd47fc00a2c39e90264f33305004495a9","hash":"ce17a70b8b18cad79f1c4c73abb807f3ac151712"}
}
